[2026-03-09 01:46] Starting deploy...
[2026-03-09 01:46] Running predictions...
NBA PICKS — 2026-03-09  (5 games)
=============================================

LEANS (4):
  → Memphis Grizzlies (61.9%)  MEM @ BKN
  → Golden State Warriors (58.3%)  GSW @ UTA
  → Oklahoma City Thunder (57.1%)  DEN @ OKC
  → Cleveland Cavaliers (55.1%)  PHI @ CLE

SKIP (1) — too close:
  – NYK @ LAC

=============================================[2026-03-09 01:46] Pushed to GitHub — Vercel redeploying...
[2026-03-09 01:46] Done.
[2026-03-09 01:51] Starting deploy...
[2026-03-09 01:51] Running predictions...
NBA PICKS — 2026-03-09  (5 games)
=============================================

LEANS (4):
  → Memphis Grizzlies (61.9%)  MEM @ BKN
  → Golden State Warriors (58.3%)  GSW @ UTA
  → Oklahoma City Thunder (57.1%)  DEN @ OKC
  → Cleveland Cavaliers (55.1%)  PHI @ CLE

SKIP (1) — too close:
  – NYK @ LAC

=============================================[2026-03-09 01:51] Pushed to GitHub — Vercel redeploying...
[2026-03-09 01:51] Done.
[2026-03-09 11:50] Starting deploy...
[2026-03-09 11:50] Running predictions...
NBA PICKS — 2026-03-09  (5 games)
=============================================

LEANS (4):
  → Memphis Grizzlies (61.9%)  MEM @ BKN
  → Golden State Warriors (58.3%)  GSW @ UTA
  → Oklahoma City Thunder (57.1%)  DEN @ OKC
  → Cleveland Cavaliers (55.1%)  PHI @ CLE

SKIP (1) — too close:
  – NYK @ LAC

=============================================[2026-03-09 11:50] Pushed to GitHub — Vercel redeploying...
[2026-03-09 11:50] Done.
